Arguments: 
  /home/eco/.nvm/versions/node/v12.11.1/bin/node /home/eco/.nvm/versions/node/v12.11.1/bin/yarn install

PATH: 
  /home/eco/.nvm/versions/node/v12.11.1/bin:/home/eco/.local/bin/fab:/home/eco/.local/bin/invoke:/home/eco/.local/bin/inv:/home/eco/.local/bin/easy_install-3.8:/home/eco/.local/bin/easy_install:/usr/local/lib/nodejs/node-v18.9.1-linux-x64/bin:/home/eco/.local/bin:/usr/local/sbin:/usr/local/bin:/usr/sbin:/usr/bin:/sbin:/bin:/usr/games:/usr/local/games:/snap/bin

Yarn version: 
  1.22.19

Node version: 
  12.11.1

Platform: 
  linux x64

Trace: 
  SyntaxError: /home/eco/Desktop/alx_school/0x00-ES6_basic/package.json: Unexpected end of JSON input
      at JSON.parse (<anonymous>)
      at /home/eco/.nvm/versions/node/v12.11.1/lib/node_modules/yarn/lib/cli.js:1629:59
      at Generator.next (<anonymous>)
      at step (/home/eco/.nvm/versions/node/v12.11.1/lib/node_modules/yarn/lib/cli.js:310:30)
      at /home/eco/.nvm/versions/node/v12.11.1/lib/node_modules/yarn/lib/cli.js:321:13

npm manifest: 
  

yarn manifest: 
  No manifest

Lockfile: 
  No lockfile
